GameRentals/app/build/outputs/logs/manifest-merger-debug-report.txt
-- Merging decision tree log ---
manifest
ADDED from src/main/AndroidManifest.xml:2:1-34:12
	package
		ADDED from src/main/AndroidManifest.xml:3:5-34
		INJECTED from src/main/AndroidManifest.xml
		INJECTED from src/main/AndroidManifest.xml
	android:versionName
		INJECTED from src/main/AndroidManifest.xml
		INJECTED from src/main/AndroidManifest.xml
	xmlns:android
		ADDED from src/main/AndroidManifest.xml:2:11-69
	android:versionCode
		INJECTED from src/main/AndroidManifest.xml
		INJECTED from src/main/AndroidManifest.xml
application
ADDED from src/main/AndroidManifest.xml:5:5-32:19
MERGED from [com.android.support:appcompat-v7:18.0.0] AndroidManifest.xml:19:5-20
	android:label
		ADDED from src/main/AndroidManifest.xml:8:9-41
	android:supportsRtl
		ADDED from src/main/AndroidManifest.xml:9:9-35
	android:allowBackup
		ADDED from src/main/AndroidManifest.xml:6:9-35
	android:icon
		ADDED from src/main/AndroidManifest.xml:7:9-43
	android:theme
		ADDED from src/main/AndroidManifest.xml:10:9-40
activity#t14.com.GameRentals.MainActivity
ADDED from src/main/AndroidManifest.xml:11:9-17:20
	android:name
		ADDED from src/main/AndroidManifest.xml:11:19-47
intent-filter#android.intent.action.MAIN+android.intent.category.LAUNCHER
ADDED from src/main/AndroidManifest.xml:12:13-16:29
action#android.intent.action.MAIN
ADDED from src/main/AndroidManifest.xml:13:17-69
	android:name
		ADDED from src/main/AndroidManifest.xml:13:25-66
category#android.intent.category.LAUNCHER
ADDED from src/main/AndroidManifest.xml:15:17-77
	android:name
		ADDED from src/main/AndroidManifest.xml:15:27-74
activity#t14.com.GameRentals.ViewMyGamesActivity
ADDED from src/main/AndroidManifest.xml:18:9-85
	android:name
		ADDED from src/main/AndroidManifest.xml:18:19-73
activity#t14.com.GameRentals.AddGameActivity
ADDED from src/main/AndroidManifest.xml:19:9-81
	android:name
		ADDED from src/main/AndroidManifest.xml:19:19-69
activity#t14.com.GameRentals.ProfileMain
ADDED from src/main/AndroidManifest.xml:21:9-28:20
	android:label
		ADDED from src/main/AndroidManifest.xml:23:13-64
	android:parentActivityName
		ADDED from src/main/AndroidManifest.xml:24:13-55
	android:name
		ADDED from src/main/AndroidManifest.xml:22:13-40
meta-data#android.support.PARENT_ACTIVITY
ADDED from src/main/AndroidManifest.xml:25:13-27:68
	android:value
		ADDED from src/main/AndroidManifest.xml:27:17-65
	android:name
		ADDED from src/main/AndroidManifest.xml:26:17-63
activity#t14.com.GameRentals.SearchGameActivity
ADDED from src/main/AndroidManifest.xml:29:9-31:75
	android:label
		ADDED from src/main/AndroidManifest.xml:31:13-63
	android:name
		ADDED from src/main/AndroidManifest.xml:30:13-47
uses-sdk
INJECTED from src/main/AndroidManifest.xml reason: use-sdk injection requested
MERGED from [com.android.support:appcompat-v7:18.0.0] AndroidManifest.xml:18:5-42
	android:targetSdkVersion
		INJECTED from src/main/AndroidManifest.xml
		INJECTED from src/main/AndroidManifest.xml
	android:minSdkVersion
		INJECTED from src/main/AndroidManifest.xml
		INJECTED from src/main/AndroidManifest.xml